* using log directory 'C:/Users/etienne/Desktop/Divers/datawizard/revdep/checks/marginaleffects/new/marginaleffects.Rcheck'
* using R version 4.2.2 (2022-10-31 ucrt)
* using platform: x86_64-w64-mingw32 (64-bit)
* using session charset: UTF-8
* using options '--no-manual --no-build-vignettes'
* checking for file 'marginaleffects/DESCRIPTION' ... OK
* this is package 'marginaleffects' version '0.8.1'
* package encoding: UTF-8
* checking package namespace information ... OK
* checking package dependencies ... OK
* checking if this is a source package ... OK
* checking if there is a namespace ... OK
* checking for executable files ... OK
* checking for hidden files and directories ... OK
* checking for portable file names ... OK
* checking whether package 'marginaleffects' can be installed ... OK
* checking installed package size ... OK
* checking package directory ... OK
* checking 'build' directory ... OK
* checking DESCRIPTION meta-information ... OK
* checking top-level files ... OK
* checking for left-over files ... OK
* checking index information ... OK
* checking package subdirectories ... OK
* checking R files for non-ASCII characters ... OK
* checking R files for syntax errors ... OK
* checking whether the package can be loaded ... OK
* checking whether the package can be loaded with stated dependencies ... OK
* checking whether the package can be unloaded cleanly ... OK
* checking whether the namespace can be loaded with stated dependencies ... OK
* checking whether the namespace can be unloaded cleanly ... OK
* checking loading without being on the library search path ... OK
* checking dependencies in R code ... OK
* checking S3 generic/method consistency ... OK
* checking replacement functions ... OK
* checking foreign function calls ... OK
* checking R code for possible problems ... OK
* checking Rd files ... OK
* checking Rd metadata ... OK
* checking Rd cross-references ... OK
* checking for missing documentation entries ... OK
* checking for code/documentation mismatches ... OK
* checking Rd \usage sections ... OK
* checking Rd contents ... OK
* checking for unstated dependencies in examples ... OK
* checking installed files from 'inst/doc' ... OK
* checking files in 'vignettes' ... OK
* checking examples ... ERROR
Running examples in 'marginaleffects-Ex.R' failed
The error most likely occurred in:

> ### Name: plot_cco
> ### Title: Plot Conditional Contrasts
> ### Aliases: plot_cco
> 
> ### ** Examples
> 
> mod <- lm(mpg ~ hp * drat * factor(am), data = mtcars)
> 
> plot_cco(mod, effect = "hp", condition = "drat")
> 
> plot_cco(mod, effect = "hp", condition = c("drat", "am"))
> 
> plot_cco(mod, effect = "hp", condition = list("am", "drat" = 3:5))
Error: Unable to compute predicted values with this model. You can try to
  supply a different dataset to the `newdata` argument. If this does not
  work, you can file a report on the Github Issue Tracker:
  https://github.com/vincentarelbundock/marginaleffects/issues
Execution halted
* checking for unstated dependencies in 'tests' ... OK
* checking tests ... OK
  Running 'spelling.R'
  Running 'tinytest.R'
* checking for unstated dependencies in vignettes ... OK
* checking package vignettes in 'inst/doc' ... OK
* checking running R code from vignettes ... NONE
  'documentation.Rmd' using 'UTF-8'... OK
* checking re-building of vignette outputs ... SKIPPED
* DONE
Status: 1 ERROR
