* using log directory 'C:/Users/etienne/Desktop/Divers/datawizard/revdep/checks/parameters/new/parameters.Rcheck'
* using R version 4.2.2 (2022-10-31 ucrt)
* using platform: x86_64-w64-mingw32 (64-bit)
* using session charset: UTF-8
* using options '--no-manual --no-build-vignettes'
* checking for file 'parameters/DESCRIPTION' ... OK
* checking extension type ... Package
* this is package 'parameters' version '0.20.2'
* package encoding: UTF-8
* checking package namespace information ... OK
* checking package dependencies ... OK
* checking if this is a source package ... OK
* checking if there is a namespace ... OK
* checking for executable files ... OK
* checking for hidden files and directories ... OK
* checking for portable file names ... OK
* checking whether package 'parameters' can be installed ... OK
* checking installed package size ... OK
* checking package directory ... OK
* checking 'build' directory ... OK
* checking DESCRIPTION meta-information ... OK
* checking top-level files ... OK
* checking for left-over files ... OK
* checking index information ... OK
* checking package subdirectories ... OK
* checking R files for non-ASCII characters ... OK
* checking R files for syntax errors ... OK
* checking whether the package can be loaded ... OK
* checking whether the package can be loaded with stated dependencies ... OK
* checking whether the package can be unloaded cleanly ... OK
* checking whether the namespace can be loaded with stated dependencies ... OK
* checking whether the namespace can be unloaded cleanly ... OK
* checking loading without being on the library search path ... OK
* checking dependencies in R code ... OK
* checking S3 generic/method consistency ... OK
* checking replacement functions ... OK
* checking foreign function calls ... OK
* checking R code for possible problems ... OK
* checking Rd files ... OK
* checking Rd metadata ... OK
* checking Rd cross-references ... OK
* checking for missing documentation entries ... OK
* checking for code/documentation mismatches ... OK
* checking Rd \usage sections ... OK
* checking Rd contents ... OK
* checking for unstated dependencies in examples ... OK
* checking contents of 'data' directory ... OK
* checking data for non-ASCII characters ... OK
* checking data for ASCII and uncompressed saves ... OK
* checking installed files from 'inst/doc' ... OK
* checking files in 'vignettes' ... OK
* checking examples ... ERROR
Running examples in 'parameters-Ex.R' failed
The error most likely occurred in:

> ### Name: cluster_analysis
> ### Title: Cluster Analysis
> ### Aliases: cluster_analysis
> 
> ### ** Examples
> 
> set.seed(33)
> # K-Means ====================================================
> rez <- cluster_analysis(iris[1:4], n = 3, method = "kmeans")
Error in ncol(params) : object 'params' not found
Calls: cluster_analysis ... .eval_call -> .select_context -> eval -> eval -> ncol
Execution halted
* checking for unstated dependencies in 'tests' ... OK
* checking tests ... ERROR
  Running 'testthat.R'
Running the tests in 'tests/testthat.R' failed.
Last 13 lines of output:
    4.     └─datawizard::reshape_longer(...)
    5.       └─datawizard:::.select_nse(...)
    6.         └─datawizard:::.eval_expr(...)
    7.           └─datawizard:::.eval_call(...)
    8.             └─datawizard:::.select_seq(x, data, ignore_case, regex, verbose)
    9.               └─datawizard:::.eval_expr(...)
   10.                 └─datawizard:::.eval_call(...)
   11.                   └─datawizard:::.select_context(x, data, ignore_case, regex, verbose)
   12.                     └─base::eval(expr, envir = data)
   13.                       └─base::eval(expr, envir = data)
   14.                         └─base::ncol(params)
  
  [ FAIL 1 | WARN 0 | SKIP 33 | PASS 631 ]
  Error: Test failures
  Execution halted
* checking for unstated dependencies in vignettes ... OK
* checking package vignettes in 'inst/doc' ... OK
* checking running R code from vignettes ... NONE
  'overview_of_vignettes.Rmd' using 'UTF-8'... OK
* checking re-building of vignette outputs ... SKIPPED
* DONE
Status: 2 ERRORs
