* using log directory 'C:/Users/etienne/Desktop/Divers/datawizard/revdep/checks/correlation/new/correlation.Rcheck'
* using R version 4.2.2 (2022-10-31 ucrt)
* using platform: x86_64-w64-mingw32 (64-bit)
* using session charset: UTF-8
* using options '--no-manual --no-build-vignettes'
* checking for file 'correlation/DESCRIPTION' ... OK
* checking extension type ... Package
* this is package 'correlation' version '0.8.3'
* package encoding: UTF-8
* checking package namespace information ... OK
* checking package dependencies ... OK
* checking if this is a source package ... OK
* checking if there is a namespace ... OK
* checking for executable files ... OK
* checking for hidden files and directories ... OK
* checking for portable file names ... OK
* checking whether package 'correlation' can be installed ... OK
* checking installed package size ... OK
* checking package directory ... OK
* checking 'build' directory ... OK
* checking DESCRIPTION meta-information ... OK
* checking top-level files ... OK
* checking for left-over files ... OK
* checking index information ... OK
* checking package subdirectories ... OK
* checking R files for non-ASCII characters ... OK
* checking R files for syntax errors ... OK
* checking whether the package can be loaded ... OK
* checking whether the package can be loaded with stated dependencies ... OK
* checking whether the package can be unloaded cleanly ... OK
* checking whether the namespace can be loaded with stated dependencies ... OK
* checking whether the namespace can be unloaded cleanly ... OK
* checking loading without being on the library search path ... OK
* checking dependencies in R code ... OK
* checking S3 generic/method consistency ... OK
* checking replacement functions ... OK
* checking foreign function calls ... OK
* checking R code for possible problems ... OK
* checking Rd files ... OK
* checking Rd metadata ... OK
* checking Rd cross-references ... OK
* checking for missing documentation entries ... OK
* checking for code/documentation mismatches ... OK
* checking Rd \usage sections ... OK
* checking Rd contents ... OK
* checking for unstated dependencies in examples ... OK
* checking installed files from 'inst/doc' ... OK
* checking files in 'vignettes' ... OK
* checking examples ... ERROR
Running examples in 'correlation-Ex.R' failed
The error most likely occurred in:

> ### Name: visualisation_recipe.easycor_test
> ### Title: Visualisation Recipe for 'correlation' Objects
> ### Aliases: visualisation_recipe.easycor_test
> ###   visualisation_recipe.easycormatrix
> ###   visualisation_recipe.easycorrelation
> 
> ### ** Examples
> 
> # ==============================================
> # Correlation Matrix
> # ==============================================
> if (require("see")) {
+   rez <- correlation(mtcars)
+ 
+   x <- cor_sort(as.matrix(rez))
+   layers <- visualisation_recipe(x)
+   layers
+   plot(layers)
+ 
+   #' Get more details using `summary()`
+   x <- summary(rez, redundant = TRUE, digits = 3)
+   plot(visualisation_recipe(x))
+ 
+   # Customize
+   x <- summary(rez)
+   layers <- visualisation_recipe(x,
+     show_data = "points",
+     scale = list(range = c(10, 20)),
+     scale_fill = list(
+       high = "#FF5722",
+       low = "#673AB7",
+       name = "r"
+     ),
+     text = list(color = "white"),
+     labs = list(title = "My Plot")
+   )
+   plot(layers) + theme_modern()
+ }
Loading required package: see
Error in vapply(data, x, FUN.VALUE = logical(1L)) : 
  values must be length 1,
 but FUN(X[[1]]) result is length 0
Calls: visualisation_recipe ... .select_nse -> .eval_expr -> .select_symbol -> which -> vapply
Execution halted
* checking for unstated dependencies in 'tests' ... OK
* checking tests ... OK
  Running 'testthat.R'
* checking for unstated dependencies in vignettes ... OK
* checking package vignettes in 'inst/doc' ... OK
* checking running R code from vignettes ... NONE
  'multilevel.Rmd' using 'UTF-8'... OK
  'types.Rmd' using 'UTF-8'... OK
* checking re-building of vignette outputs ... SKIPPED
* DONE
Status: 1 ERROR
